\\ctstudent2\studentusers\100281608\downloads\gamebehaviour2\gamebehaviour2\gamebehaviour2\debug\vc140.pdb
\\ctstudent2\studentusers\100281608\downloads\gamebehaviour2\gamebehaviour2\gamebehaviour2\debug\vc140.idb
\\ctstudent2\studentusers\100281608\downloads\gamebehaviour2\gamebehaviour2\gamebehaviour2\debug\application.obj
\\ctstudent2\studentusers\100281608\downloads\gamebehaviour2\gamebehaviour2\gamebehaviour2\debug\baseentity.obj
\\ctstudent2\studentusers\100281608\downloads\gamebehaviour2\gamebehaviour2\gamebehaviour2\debug\baseinputmanager.obj
\\ctstudent2\studentusers\100281608\downloads\gamebehaviour2\gamebehaviour2\gamebehaviour2\debug\main.obj
\\ctstudent2\studentusers\100281608\downloads\gamebehaviour2\gamebehaviour2\gamebehaviour2\debug\spriteentity.obj
\\ctstudent2\studentusers\100281608\downloads\gamebehaviour2\gamebehaviour2\gamebehaviour2\debug\window.obj
\\ctstudent2\studentusers\100281608\downloads\gamebehaviour2\gamebehaviour2\gamebehaviour2\debug\world.obj
\\ctstudent2\studentusers\100281608\downloads\gamebehaviour2\gamebehaviour2\gamebehaviour2\debug\basegamestate.obj
\\ctstudent2\studentusers\100281608\downloads\gamebehaviour2\gamebehaviour2\gamebehaviour2\debug\bootstate.obj
\\ctstudent2\studentusers\100281608\downloads\gamebehaviour2\gamebehaviour2\gamebehaviour2\debug\gamestate.obj
\\ctstudent2\studentusers\100281608\downloads\gamebehaviour2\gamebehaviour2\gamebehaviour2\debug\gamestatemanager.obj
\\ctstudent2\studentusers\100281608\downloads\gamebehaviour2\gamebehaviour2\gamebehaviour2\debug\menustate.obj
\\ctstudent2\studentusers\100281608\downloads\gamebehaviour2\gamebehaviour2\build\gamebehaviour.exe
\\ctstudent2\studentusers\100281608\downloads\gamebehaviour2\gamebehaviour2\build\gamebehaviour.pdb
\\ctstudent2\studentusers\100281608\downloads\gamebehaviour2\gamebehaviour2\gamebehaviour2\debug\gamebehaviour2.tlog\cl.command.1.tlog
\\ctstudent2\studentusers\100281608\downloads\gamebehaviour2\gamebehaviour2\gamebehaviour2\debug\gamebehaviour2.tlog\cl.read.1.tlog
\\ctstudent2\studentusers\100281608\downloads\gamebehaviour2\gamebehaviour2\gamebehaviour2\debug\gamebehaviour2.tlog\cl.write.1.tlog
\\ctstudent2\studentusers\100281608\downloads\gamebehaviour2\gamebehaviour2\gamebehaviour2\debug\gamebehaviour2.tlog\link.command.1.tlog
\\ctstudent2\studentusers\100281608\downloads\gamebehaviour2\gamebehaviour2\gamebehaviour2\debug\gamebehaviour2.tlog\link.read.1.tlog
\\ctstudent2\studentusers\100281608\downloads\gamebehaviour2\gamebehaviour2\gamebehaviour2\debug\gamebehaviour2.tlog\link.write.1.tlog
