c:\projects\project\gamebehaviour2\gamebehaviour2\debug\vc140.pdb
c:\projects\project\gamebehaviour2\gamebehaviour2\debug\vc140.idb
c:\projects\project\gamebehaviour2\gamebehaviour2\debug\application.nativecodeanalysis.xml
c:\projects\project\gamebehaviour2\gamebehaviour2\debug\baseentity.nativecodeanalysis.xml
c:\projects\project\gamebehaviour2\gamebehaviour2\debug\baseinputmanager.nativecodeanalysis.xml
c:\projects\project\gamebehaviour2\gamebehaviour2\debug\main.nativecodeanalysis.xml
c:\projects\project\gamebehaviour2\gamebehaviour2\debug\spriteentity.nativecodeanalysis.xml
c:\projects\project\gamebehaviour2\gamebehaviour2\debug\window.nativecodeanalysis.xml
c:\projects\project\gamebehaviour2\gamebehaviour2\debug\world.nativecodeanalysis.xml
c:\projects\project\gamebehaviour2\gamebehaviour2\debug\world.obj
c:\projects\project\gamebehaviour2\gamebehaviour2\debug\window.obj
c:\projects\project\gamebehaviour2\gamebehaviour2\debug\spriteentity.obj
c:\projects\project\gamebehaviour2\gamebehaviour2\debug\main.obj
c:\projects\project\gamebehaviour2\gamebehaviour2\debug\baseinputmanager.obj
c:\projects\project\gamebehaviour2\gamebehaviour2\debug\baseentity.obj
c:\projects\project\gamebehaviour2\gamebehaviour2\debug\application.obj
c:\projects\project\gamebehaviour2\build\gamebehaviour2.exe
c:\projects\project\gamebehaviour2\build\gamebehaviour2.pdb
c:\projects\project\gamebehaviour2\gamebehaviour2\debug\nativecodeanalysis.read.1.tlog
c:\projects\project\gamebehaviour2\gamebehaviour2\debug\vc.nativecodeanalysis.all.xml
c:\projects\project\gamebehaviour2\gamebehaviour2\..\build\gamebehaviour2.exe
c:\projects\project\gamebehaviour2\gamebehaviour2\debug\gamebehaviour2.tlog\cl.command.1.tlog
c:\projects\project\gamebehaviour2\gamebehaviour2\debug\gamebehaviour2.tlog\cl.read.1.tlog
c:\projects\project\gamebehaviour2\gamebehaviour2\debug\gamebehaviour2.tlog\cl.write.1.tlog
c:\projects\project\gamebehaviour2\gamebehaviour2\debug\gamebehaviour2.tlog\link.command.1.tlog
c:\projects\project\gamebehaviour2\gamebehaviour2\debug\gamebehaviour2.tlog\link.read.1.tlog
c:\projects\project\gamebehaviour2\gamebehaviour2\debug\gamebehaviour2.tlog\link.write.1.tlog
