c:\projects\project\gamebehaviour2\gamebehaviour2\debug\vc140.pdb
c:\projects\project\gamebehaviour2\gamebehaviour2\debug\vc140.idb
c:\projects\project\gamebehaviour2\gamebehaviour2\debug\application.obj
c:\projects\project\gamebehaviour2\gamebehaviour2\debug\baseentity.obj
c:\projects\project\gamebehaviour2\gamebehaviour2\debug\basegamestate.obj
c:\projects\project\gamebehaviour2\gamebehaviour2\debug\baseinputmanager.obj
c:\projects\project\gamebehaviour2\gamebehaviour2\debug\bootstate.obj
c:\projects\project\gamebehaviour2\gamebehaviour2\debug\gamestate.obj
c:\projects\project\gamebehaviour2\gamebehaviour2\debug\gamestatemanager.obj
c:\projects\project\gamebehaviour2\gamebehaviour2\debug\main.obj
c:\projects\project\gamebehaviour2\gamebehaviour2\debug\menustate.obj
c:\projects\project\gamebehaviour2\gamebehaviour2\debug\spriteentity.obj
c:\projects\project\gamebehaviour2\gamebehaviour2\debug\window.obj
c:\projects\project\gamebehaviour2\gamebehaviour2\debug\world.obj
c:\users\jack\source\repos\gamebehaviour\gamebehaviour2\debug\vc140.pdb
c:\users\jack\source\repos\gamebehaviour\gamebehaviour2\debug\vc140.idb
c:\users\jack\source\repos\gamebehaviour\gamebehaviour2\debug\application.obj
c:\users\jack\source\repos\gamebehaviour\gamebehaviour2\debug\baseentity.obj
c:\users\jack\source\repos\gamebehaviour\gamebehaviour2\debug\basegamestate.obj
c:\users\jack\source\repos\gamebehaviour\gamebehaviour2\debug\baseinputmanager.obj
c:\users\jack\source\repos\gamebehaviour\gamebehaviour2\debug\bootstate.obj
c:\users\jack\source\repos\gamebehaviour\gamebehaviour2\debug\collidablespriteentity.obj
c:\users\jack\source\repos\gamebehaviour\gamebehaviour2\debug\gamestate.obj
c:\users\jack\source\repos\gamebehaviour\gamebehaviour2\debug\gamestatemanager.obj
c:\users\jack\source\repos\gamebehaviour\gamebehaviour2\debug\main.obj
c:\users\jack\source\repos\gamebehaviour\gamebehaviour2\debug\menustate.obj
c:\users\jack\source\repos\gamebehaviour\gamebehaviour2\debug\spriteentity.obj
c:\users\jack\source\repos\gamebehaviour\gamebehaviour2\debug\window.obj
c:\users\jack\source\repos\gamebehaviour\gamebehaviour2\debug\world.obj
c:\projects\project\gamebehaviour2\build\gamebehaviour5.exe
c:\projects\project\gamebehaviour2\build\gamebehaviour5.pdb
c:\users\jack\source\repos\gamebehaviour\build\gamebehaviour5.exe
c:\users\jack\source\repos\gamebehaviour\build\gamebehaviour5.pdb
c:\users\jack\source\repos\gamebehaviour\gamebehaviour2\..\build\gamebehaviour5.exe
c:\users\jack\source\repos\gamebehaviour\gamebehaviour2\debug\gamebehaviour2.tlog\cl.command.1.tlog
c:\users\jack\source\repos\gamebehaviour\gamebehaviour2\debug\gamebehaviour2.tlog\cl.read.1.tlog
c:\users\jack\source\repos\gamebehaviour\gamebehaviour2\debug\gamebehaviour2.tlog\cl.write.1.tlog
c:\users\jack\source\repos\gamebehaviour\gamebehaviour2\debug\gamebehaviour2.tlog\link.command.1.tlog
c:\users\jack\source\repos\gamebehaviour\gamebehaviour2\debug\gamebehaviour2.tlog\link.read.1.tlog
c:\users\jack\source\repos\gamebehaviour\gamebehaviour2\debug\gamebehaviour2.tlog\link.write.1.tlog
