  World.cpp
  Window.cpp
  SpriteEntity.cpp
  MenuState.cpp
  Main.cpp
  GameStateManager.cpp
  GameState.cpp
  CollidableSpriteEntity.cpp
  BootState.cpp
  BaseInputManager.cpp
  BaseGameState.cpp
  BaseEntity.cpp
  Application.cpp
  Generating Code...
LINK : warning LNK4075: ignoring '/INCREMENTAL' due to '/LTCG' specification
Application.obj : warning LNK4075: ignoring '/EDITANDCONTINUE' due to '/OPT:LBR' specification
LINK : warning LNK4098: defaultlib 'MSVCRT' conflicts with use of other libs; use /NODEFAULTLIB:library
  Generating code
  Finished generating code
  GameBehaviour2.vcxproj -> C:\Users\Jack\Source\GameBehaviour\GameBehaviour2\..\Build\GameBehaviour5.exe
  GameBehaviour2.vcxproj -> ..\Build\GameBehaviour5.pdb (Full PDB)
