c:\projects\project\gamebehaviour2\glgraphics\debug\glgraphics.pdb
c:\projects\project\gamebehaviour2\glgraphics\debug\glgraphics.idb
c:\projects\project\gamebehaviour2\glgraphics\debug\animatedtexture.obj
c:\projects\project\gamebehaviour2\glgraphics\debug\animatedtexturedquad.obj
c:\projects\project\gamebehaviour2\glgraphics\debug\baseshader.obj
c:\projects\project\gamebehaviour2\glgraphics\debug\basetexture.obj
c:\projects\project\gamebehaviour2\glgraphics\debug\glbuffer.obj
c:\projects\project\gamebehaviour2\glgraphics\debug\glfont.obj
c:\projects\project\gamebehaviour2\glgraphics\debug\glfontmanager.obj
c:\projects\project\gamebehaviour2\glgraphics\debug\quad.obj
c:\projects\project\gamebehaviour2\glgraphics\debug\renderable.obj
c:\projects\project\gamebehaviour2\glgraphics\debug\renderer.obj
c:\projects\project\gamebehaviour2\glgraphics\debug\shadermanager.obj
c:\projects\project\gamebehaviour2\glgraphics\debug\texturedquad.obj
c:\projects\project\gamebehaviour2\glgraphics\debug\texturemanager.obj
c:\users\jack\source\repos\gamebehaviour\glgraphics\debug\glgraphics.pdb
c:\users\jack\source\repos\gamebehaviour\glgraphics\debug\glgraphics.idb
c:\users\jack\source\repos\gamebehaviour\glgraphics\debug\animatedtexture.obj
c:\users\jack\source\repos\gamebehaviour\glgraphics\debug\animatedtexturedquad.obj
c:\users\jack\source\repos\gamebehaviour\glgraphics\debug\baseshader.obj
c:\users\jack\source\repos\gamebehaviour\glgraphics\debug\basetexture.obj
c:\users\jack\source\repos\gamebehaviour\glgraphics\debug\glbuffer.obj
c:\users\jack\source\repos\gamebehaviour\glgraphics\debug\glfont.obj
c:\users\jack\source\repos\gamebehaviour\glgraphics\debug\glfontmanager.obj
c:\users\jack\source\repos\gamebehaviour\glgraphics\debug\quad.obj
c:\users\jack\source\repos\gamebehaviour\glgraphics\debug\renderable.obj
c:\users\jack\source\repos\gamebehaviour\glgraphics\debug\renderer.obj
c:\users\jack\source\repos\gamebehaviour\glgraphics\debug\shadermanager.obj
c:\users\jack\source\repos\gamebehaviour\glgraphics\debug\texturedquad.obj
c:\users\jack\source\repos\gamebehaviour\glgraphics\debug\texturemanager.obj
c:\projects\project\gamebehaviour2\lib\glgraphics_d.lib
c:\users\jack\source\repos\gamebehaviour\lib\glgraphics_d.lib
c:\users\jack\source\repos\gamebehaviour\glgraphics\debug\glgraphics.tlog\cl.command.1.tlog
c:\users\jack\source\repos\gamebehaviour\glgraphics\debug\glgraphics.tlog\cl.read.1.tlog
c:\users\jack\source\repos\gamebehaviour\glgraphics\debug\glgraphics.tlog\cl.write.1.tlog
c:\users\jack\source\repos\gamebehaviour\glgraphics\debug\glgraphics.tlog\lib-link.write.1.tlog
c:\users\jack\source\repos\gamebehaviour\glgraphics\debug\glgraphics.tlog\lib.command.1.tlog
c:\users\jack\source\repos\gamebehaviour\glgraphics\debug\glgraphics.tlog\lib.read.1.tlog
