c:\projects\project\gamebehaviour2\build\physics.pdb
c:\projects\project\gamebehaviour2\build\physics.idb
c:\projects\project\gamebehaviour2\physics\debug\aabbshape.obj
c:\projects\project\gamebehaviour2\physics\debug\baseshape.obj
c:\projects\project\gamebehaviour2\physics\debug\oobbshape.obj
c:\projects\project\gamebehaviour2\physics\debug\contact.obj
c:\projects\project\gamebehaviour2\physics\debug\physicsmanager.obj
c:\projects\project\gamebehaviour2\physics\debug\rigidbody.obj
c:\projects\project\gamebehaviour2\physics\debug\transform.obj
c:\users\jack\source\repos\gamebehaviour\build\physics.pdb
c:\users\jack\source\repos\gamebehaviour\build\physics.idb
c:\users\jack\source\repos\gamebehaviour\physics\debug\aabbshape.obj
c:\users\jack\source\repos\gamebehaviour\physics\debug\baseshape.obj
c:\users\jack\source\repos\gamebehaviour\physics\debug\oobbshape.obj
c:\users\jack\source\repos\gamebehaviour\physics\debug\contact.obj
c:\users\jack\source\repos\gamebehaviour\physics\debug\physicsmanager.obj
c:\users\jack\source\repos\gamebehaviour\physics\debug\rigidbody.obj
c:\users\jack\source\repos\gamebehaviour\physics\debug\transform.obj
c:\projects\project\gamebehaviour2\lib\physics_d.lib
c:\users\jack\source\repos\gamebehaviour\lib\physics_d.lib
c:\users\jack\source\repos\gamebehaviour\physics\debug\physics.tlog\cl.command.1.tlog
c:\users\jack\source\repos\gamebehaviour\physics\debug\physics.tlog\cl.read.1.tlog
c:\users\jack\source\repos\gamebehaviour\physics\debug\physics.tlog\cl.write.1.tlog
c:\users\jack\source\repos\gamebehaviour\physics\debug\physics.tlog\lib-link.write.1.tlog
c:\users\jack\source\repos\gamebehaviour\physics\debug\physics.tlog\lib.command.1.tlog
c:\users\jack\source\repos\gamebehaviour\physics\debug\physics.tlog\lib.read.1.tlog
